<?xml version="1.0" encoding="UTF-8"?>
<testsuite xmlns:xsi="http://www.w3.org/2001/XMLSchema-instance" xsi:noNamespaceSchemaLocation="https://maven.apache.org/surefire/maven-surefire-plugin/xsd/surefire-test-report-3.0.xsd" version="3.0" name="ca.mcmaster.se2aa4.mazerunner.BFSMazeSolverTest" time="0.659" tests="10" errors="0" skipped="0" failures="0">
  <properties>
[...]
</properties>
  <testcase name="solverTinyBFS" classname="ca.mcmaster.se2aa4.mazerunner.BFSMazeSolverTest" time="0.072"/>
  <testcase name="solverLargeBFS" classname="ca.mcmaster.se2aa4.mazerunner.BFSMazeSolverTest" time="0.015"/>
  <testcase name="solverRectangleBFS" classname="ca.mcmaster.se2aa4.mazerunner.BFSMazeSolverTest" time="0.006"/>
  <testcase name="solverMediumBFS" classname="ca.mcmaster.se2aa4.mazerunner.BFSMazeSolverTest" time="0.006"/>
  <testcase name="solverSmallBFS" classname="ca.mcmaster.se2aa4.mazerunner.BFSMazeSolverTest" time="0.005"/>
  <testcase name="solverDirectBFS" classname="ca.mcmaster.se2aa4.mazerunner.BFSMazeSolverTest" time="0.006"/>
  <testcase name="solverRegularBFS" classname="ca.mcmaster.se2aa4.mazerunner.BFSMazeSolverTest" time="0.008"/>
  <testcase name="solverHugeBFS" classname="ca.mcmaster.se2aa4.mazerunner.BFSMazeSolverTest" time="0.019"/>
  <testcase name="solverGiantBFS" classname="ca.mcmaster.se2aa4.mazerunner.BFSMazeSolverTest" time="0.023"/>
  <testcase name="solverStraightBFS" classname="ca.mcmaster.se2aa4.mazerunner.BFSMazeSolverTest" time="0.005"/>
</testsuite>